10/9/2017 7:51:13 PM	This log contains information about the import schema operation into project 'SunodiaDB' on computer 'DESKTOP-4B99TM1' by user 'Dan'.
10/9/2017 7:51:13 PM	Import of database schema has started.
10/9/2017 7:51:16 PM	Gathering logins
10/9/2017 7:53:33 PM	Gathering database credentials
10/9/2017 7:53:33 PM	Gathering database options
10/9/2017 7:53:33 PM	Gathering users
10/9/2017 7:53:33 PM	Gathering roles
10/9/2017 7:53:33 PM	Gathering application roles
10/9/2017 7:53:33 PM	Gathering role memberships
10/9/2017 7:53:33 PM	Gathering filegroups
10/9/2017 7:53:33 PM	Gathering full-text catalogs
10/9/2017 7:53:33 PM	Gathering assemblies
10/9/2017 7:53:33 PM	Gathering certificates
10/9/2017 7:53:33 PM	Gathering symmetric keys
10/9/2017 7:53:33 PM	Gathering encrypted symmetric keys
10/9/2017 7:53:33 PM	Gathering schemas
10/9/2017 7:53:33 PM	Gathering XML schema collections
10/9/2017 7:53:33 PM	Gathering user-defined data types
10/9/2017 7:53:33 PM	Gathering user-defined types
10/9/2017 7:53:33 PM	Gathering table types
10/9/2017 7:53:33 PM	Gathering unique keys for table types
10/9/2017 7:53:33 PM	Gathering primary keys for table types
10/9/2017 7:53:33 PM	Gathering indexes for table types
10/9/2017 7:53:33 PM	Gathering check constraints for table types
10/9/2017 7:53:33 PM	Gathering default constraints for table types
10/9/2017 7:53:33 PM	Gathering partition functions
10/9/2017 7:53:33 PM	Gathering partition schemes
10/9/2017 7:53:33 PM	Gathering functions
10/9/2017 7:53:34 PM	Gathering encrypted functions
10/9/2017 7:53:34 PM	Gathering aggregates
10/9/2017 7:53:34 PM	Gathering procedures
10/9/2017 7:53:34 PM	Gathering encrypted procedures
10/9/2017 7:53:34 PM	Gathering tables
10/9/2017 7:53:34 PM	Gathering primary keys
10/9/2017 7:53:34 PM	Gathering unique constraints
10/9/2017 7:53:34 PM	Gathering foreign keys
10/9/2017 7:53:34 PM	Gathering default constraints
10/9/2017 7:53:34 PM	Gathering check constraints
10/9/2017 7:53:34 PM	Gathering views
10/9/2017 7:53:34 PM	Gathering encrypted views
10/9/2017 7:53:34 PM	Gathering indexes
10/9/2017 7:53:34 PM	Gathering statistics
10/9/2017 7:53:34 PM	Gathering full-text index stoplists
10/9/2017 7:53:34 PM	Gathering search property lists
10/9/2017 7:53:35 PM	Gathering search properties
10/9/2017 7:53:35 PM	Gathering full-text indexes
10/9/2017 7:53:35 PM	Gathering column store indexes
10/9/2017 7:53:35 PM	Gathering spatial indexes
10/9/2017 7:53:35 PM	Gathering XML indexes
10/9/2017 7:53:35 PM	Gathering Selective XML indexes
10/9/2017 7:53:35 PM	Gathering encrypted triggers
10/9/2017 7:53:35 PM	Gathering triggers
10/9/2017 7:53:35 PM	Gathering encrypted and clr ddl triggers
10/9/2017 7:53:35 PM	Gathering ddl triggers
10/9/2017 7:53:35 PM	Gathering synonyms
10/9/2017 7:53:35 PM	Gathering defaults
10/9/2017 7:53:35 PM	Gathering data constraint uddt bindings
10/9/2017 7:53:35 PM	Gathering rules
10/9/2017 7:53:35 PM	Gathering data constraint uddt bindings
10/9/2017 7:53:35 PM	Gathering message types
10/9/2017 7:53:35 PM	Gathering queues
10/9/2017 7:53:35 PM	Gathering contracts
10/9/2017 7:53:35 PM	Gathering services
10/9/2017 7:53:35 PM	Gathering event notifications
10/9/2017 7:53:35 PM	Gathering remote service bindings
10/9/2017 7:53:35 PM	Gathering broker priorities
10/9/2017 7:53:35 PM	Gathering signatures
10/9/2017 7:53:35 PM	Gathering data compression options
10/9/2017 7:53:35 PM	Gathering sequence types
10/9/2017 7:53:35 PM	Gathering security policies
10/9/2017 7:53:35 PM	Gather column encryption keys
10/9/2017 7:53:35 PM	Gathering column master keys
10/9/2017 7:53:35 PM	Gathering external data sources
10/9/2017 7:53:35 PM	Gathering external tables
10/9/2017 7:53:35 PM	Gathering extended properties
10/9/2017 7:53:36 PM	Gathering logins
10/9/2017 7:53:37 PM	Scanning project for duplicate elements
10/9/2017 7:53:37 PM	Finished duplicate element processing
10/9/2017 7:53:37 PM	Finished importing database.
10/9/2017 7:53:37 PM	A summary of the import was saved to the following location: D:\MyDocs\vs\FHI\FHI\SunodiaDB\Import Schema Logs\SunodiaDB_20171009115113.log
10/9/2017 7:53:37 PM	Click Finish to continue...
